<?xml version="1.0" encoding="UTF-8"?>
<!-- Generated by org.testng.reporters.JUnitXMLReporter -->
<testsuite ignored="0" hostname="DESKTOP-MH1I98B" failures="1" tests="1" name="Test" time="0.032" errors="0" timestamp="2023-10-26T14:58:34 IST">
  <testcase classname="TestNG.parameters1" name="test" time="0.0">
    <failure type="org.testng.TestNGException" message="
Parameter &amp;apos;bagname&amp;apos; is required by @Test on method test but has not been marked @Optional or defined
in D:\selenium2\asif\testng2.xml">
      <![CDATA[org.testng.TestNGException: 
Parameter 'bagname' is required by @Test on method test but has not been marked @Optional or defined
in D:\selenium2\asif\testng2.xml
at java.base/java.util.ArrayList.forEach(ArrayList.java:1511)
... Removed 27 stack frames]]>
    </failure>
  </testcase> <!-- test -->
</testsuite> <!-- Test -->
