<html>
<head>
<title>TestNG:  test3</title>
<link href="../testng.css" rel="stylesheet" type="text/css" />
<link href="../my-testng.css" rel="stylesheet" type="text/css" />

<style type="text/css">
.log { display: none;} 
.stack-trace { display: none;} 
</style>
<script type="text/javascript">
<!--
function flip(e) {
  current = e.style.display;
  if (current == 'block') {
    e.style.display = 'none';
    return 0;
  }
  else {
    e.style.display = 'block';
    return 1;
  }
}

function toggleBox(szDivId, elem, msg1, msg2)
{
  var res = -1;  if (document.getElementById) {
    res = flip(document.getElementById(szDivId));
  }
  else if (document.all) {
    // this is the way old msie versions work
    res = flip(document.all[szDivId]);
  }
  if(elem) {
    if(res == 0) elem.innerHTML = msg1; else elem.innerHTML = msg2;
  }

}

function toggleAllBoxes() {
  if (document.getElementsByTagName) {
    d = document.getElementsByTagName('div');
    for (i = 0; i < d.length; i++) {
      if (d[i].className == 'log') {
        flip(d[i]);
      }
    }
  }
}

// -->
</script>

</head>
<body>
<h2 align='center'>test3</h2><table border='1' align="center">
<tr>
<td>Tests passed/Failed/Skipped:</td><td>28/8/0</td>
</tr><tr>
<td>Started on:</td><td>Thu Oct 26 14:58:34 IST 2023</td>
</tr>
<tr><td>Total time:</td><td>45 seconds (45579 ms)</td>
</tr><tr>
<td>Included groups:</td><td></td>
</tr><tr>
<td>Excluded groups:</td><td></td>
</tr>
</table><p/>
<small><i>(Hover the method name to see the test class name)</i></small><p/>
<table width='100%' border='1' class='invocation-failed'>
<tr><td colspan='4' align='center'><b>FAILED TESTS</b></td></tr>
<tr><td><b>Test method</b></td>
<td><b>Attribute(s)</b></td>
<td width="30%"><b>Exception</b></td>
<td width="10%"><b>Time (seconds)</b></td>
<td><b>Instance</b></td>
</tr>
<tr>
<td title='TestNG.dataprovider.test()'><b>test</b><br>Test class: TestNG.dataprovider<br>Parameters: asif@123.com, asif<br/>
<a href="#Output-670299410" onClick='toggleBox("Output-670299410", this, "Show output", "Hide output");'>Show output</a>

<a href="#Output-670299410" onClick="toggleAllBoxes();">Show all outputs</a>
<div class='log' id="Output-670299410">
asif@123.com<br/>
Hello World!<br/>
</div>
</td>
<td><div><pre>java.lang.AssertionError: The following asserts failed:
	expected [asif@123.com] but found [Hello World!]
	at TestNG.dataprovider.test(dataprovider.java:43)
	at java.base/java.util.ArrayList.forEach(ArrayList.java:1511)
... Removed 29 stack frames</pre></div><a href='#' onClick='toggleBox("stack-trace670299410", this, "Click to show all stack frames", "Click to hide stack frames")'>Click to show all stack frames</a>
<div class='stack-trace' id='stack-trace670299410'><pre>java.lang.AssertionError: The following asserts failed:
	expected [asif@123.com] but found [Hello World!]
	at org.testng.asserts.SoftAssert.assertAll(SoftAssert.java:46)
	at org.testng.asserts.SoftAssert.assertAll(SoftAssert.java:30)
	at TestNG.dataprovider.test(dataprovider.java:43)
	at java.base/jdk.internal.reflect.NativeMethodAccessorImpl.invoke0(Native Method)
	at java.base/jdk.internal.reflect.NativeMethodAccessorImpl.invoke(NativeMethodAccessorImpl.java:77)
	at java.base/jdk.internal.reflect.DelegatingMethodAccessorImpl.invoke(DelegatingMethodAccessorImpl.java:43)
	at java.base/java.lang.reflect.Method.invoke(Method.java:568)
	at org.testng.internal.invokers.MethodInvocationHelper.invokeMethod(MethodInvocationHelper.java:139)
	at org.testng.internal.invokers.TestInvoker.invokeMethod(TestInvoker.java:664)
	at org.testng.internal.invokers.TestInvoker.invokeTestMethod(TestInvoker.java:227)
	at org.testng.internal.invokers.MethodRunner.runInSequence(MethodRunner.java:50)
	at org.testng.internal.invokers.TestInvoker$MethodInvocationAgent.invoke(TestInvoker.java:957)
	at org.testng.internal.invokers.TestInvoker.invokeTestMethods(TestInvoker.java:200)
	at org.testng.internal.invokers.TestMethodWorker.invokeTestMethods(TestMethodWorker.java:148)
	at org.testng.internal.invokers.TestMethodWorker.run(TestMethodWorker.java:128)
	at java.base/java.util.ArrayList.forEach(ArrayList.java:1511)
	at org.testng.TestRunner.privateRun(TestRunner.java:848)
	at org.testng.TestRunner.run(TestRunner.java:621)
	at org.testng.SuiteRunner.runTest(SuiteRunner.java:443)
	at org.testng.SuiteRunner.runSequentially(SuiteRunner.java:437)
	at org.testng.SuiteRunner.privateRun(SuiteRunner.java:397)
	at org.testng.SuiteRunner.run(SuiteRunner.java:336)
	at org.testng.SuiteRunnerWorker.runSuite(SuiteRunnerWorker.java:52)
	at org.testng.SuiteRunnerWorker.run(SuiteRunnerWorker.java:95)
	at org.testng.TestNG.runSuitesSequentially(TestNG.java:1280)
	at org.testng.TestNG.runSuitesLocally(TestNG.java:1200)
	at org.testng.TestNG.runSuites(TestNG.java:1114)
	at org.testng.TestNG.run(TestNG.java:1082)
	at org.testng.remote.AbstractRemoteTestNG.run(AbstractRemoteTestNG.java:115)
	at org.testng.remote.RemoteTestNG.initAndRun(RemoteTestNG.java:251)
	at org.testng.remote.RemoteTestNG.main(RemoteTestNG.java:77)
</pre></div></td>
<td>30</td>
<td>TestNG.dataprovider@3773862a</td></tr>
<tr>
<td title='TestNG.itestResult.TestcaseFail()'><b>TestcaseFail</b><br>Test class: TestNG.itestResult</td>
<td><div><pre>java.lang.AssertionError: fail
	at TestNG.itestResult.TestcaseFail(itestResult.java:14)
	at java.base/java.util.ArrayList.forEach(ArrayList.java:1511)
... Removed 28 stack frames</pre></div><a href='#' onClick='toggleBox("stack-trace1391067753", this, "Click to show all stack frames", "Click to hide stack frames")'>Click to show all stack frames</a>
<div class='stack-trace' id='stack-trace1391067753'><pre>java.lang.AssertionError: fail
	at org.testng.Assert.fail(Assert.java:111)
	at TestNG.itestResult.TestcaseFail(itestResult.java:14)
	at java.base/jdk.internal.reflect.NativeMethodAccessorImpl.invoke0(Native Method)
	at java.base/jdk.internal.reflect.NativeMethodAccessorImpl.invoke(NativeMethodAccessorImpl.java:77)
	at java.base/jdk.internal.reflect.DelegatingMethodAccessorImpl.invoke(DelegatingMethodAccessorImpl.java:43)
	at java.base/java.lang.reflect.Method.invoke(Method.java:568)
	at org.testng.internal.invokers.MethodInvocationHelper.invokeMethod(MethodInvocationHelper.java:139)
	at org.testng.internal.invokers.TestInvoker.invokeMethod(TestInvoker.java:664)
	at org.testng.internal.invokers.TestInvoker.invokeTestMethod(TestInvoker.java:227)
	at org.testng.internal.invokers.MethodRunner.runInSequence(MethodRunner.java:50)
	at org.testng.internal.invokers.TestInvoker$MethodInvocationAgent.invoke(TestInvoker.java:957)
	at org.testng.internal.invokers.TestInvoker.invokeTestMethods(TestInvoker.java:200)
	at org.testng.internal.invokers.TestMethodWorker.invokeTestMethods(TestMethodWorker.java:148)
	at org.testng.internal.invokers.TestMethodWorker.run(TestMethodWorker.java:128)
	at java.base/java.util.ArrayList.forEach(ArrayList.java:1511)
	at org.testng.TestRunner.privateRun(TestRunner.java:848)
	at org.testng.TestRunner.run(TestRunner.java:621)
	at org.testng.SuiteRunner.runTest(SuiteRunner.java:443)
	at org.testng.SuiteRunner.runSequentially(SuiteRunner.java:437)
	at org.testng.SuiteRunner.privateRun(SuiteRunner.java:397)
	at org.testng.SuiteRunner.run(SuiteRunner.java:336)
	at org.testng.SuiteRunnerWorker.runSuite(SuiteRunnerWorker.java:52)
	at org.testng.SuiteRunnerWorker.run(SuiteRunnerWorker.java:95)
	at org.testng.TestNG.runSuitesSequentially(TestNG.java:1280)
	at org.testng.TestNG.runSuitesLocally(TestNG.java:1200)
	at org.testng.TestNG.runSuites(TestNG.java:1114)
	at org.testng.TestNG.run(TestNG.java:1082)
	at org.testng.remote.AbstractRemoteTestNG.run(AbstractRemoteTestNG.java:115)
	at org.testng.remote.RemoteTestNG.initAndRun(RemoteTestNG.java:251)
	at org.testng.remote.RemoteTestNG.main(RemoteTestNG.java:77)
</pre></div></td>
<td>0</td>
<td>TestNG.itestResult@2160e52a</td></tr>
<tr>
<td title='TestNG.paractise1.test()'><b>test</b><br>Test class: TestNG.paractise1</td>
<td><div><pre>org.testng.internal.reflect.MethodMatcherException: 
[public void TestNG.paractise1.test(java.lang.String) throws java.lang.InterruptedException] has no parameters defined but was found to be using a data provider (either explicitly specified or inherited from class level annotation).
Data provider mismatch
Method: test([java.lang.String arg0])
Arguments: [(java.lang.String) img,null]
	at java.base/java.util.ArrayList.forEach(ArrayList.java:1511)
... Removed 22 stack frames</pre></div><a href='#' onClick='toggleBox("stack-trace91273747", this, "Click to show all stack frames", "Click to hide stack frames")'>Click to show all stack frames</a>
<div class='stack-trace' id='stack-trace91273747'><pre>org.testng.internal.reflect.MethodMatcherException: 
[public void TestNG.paractise1.test(java.lang.String) throws java.lang.InterruptedException] has no parameters defined but was found to be using a data provider (either explicitly specified or inherited from class level annotation).
Data provider mismatch
Method: test([java.lang.String arg0])
Arguments: [(java.lang.String) img,null]
	at org.testng.internal.reflect.DataProviderMethodMatcher.getConformingArguments(DataProviderMethodMatcher.java:46)
	at org.testng.internal.Parameters.injectParameters(Parameters.java:909)
	at org.testng.internal.invokers.MethodRunner.runInSequence(MethodRunner.java:37)
	at org.testng.internal.invokers.TestInvoker$MethodInvocationAgent.invoke(TestInvoker.java:957)
	at org.testng.internal.invokers.TestInvoker.invokeTestMethods(TestInvoker.java:200)
	at org.testng.internal.invokers.TestMethodWorker.invokeTestMethods(TestMethodWorker.java:148)
	at org.testng.internal.invokers.TestMethodWorker.run(TestMethodWorker.java:128)
	at java.base/java.util.ArrayList.forEach(ArrayList.java:1511)
	at org.testng.TestRunner.privateRun(TestRunner.java:848)
	at org.testng.TestRunner.run(TestRunner.java:621)
	at org.testng.SuiteRunner.runTest(SuiteRunner.java:443)
	at org.testng.SuiteRunner.runSequentially(SuiteRunner.java:437)
	at org.testng.SuiteRunner.privateRun(SuiteRunner.java:397)
	at org.testng.SuiteRunner.run(SuiteRunner.java:336)
	at org.testng.SuiteRunnerWorker.runSuite(SuiteRunnerWorker.java:52)
	at org.testng.SuiteRunnerWorker.run(SuiteRunnerWorker.java:95)
	at org.testng.TestNG.runSuitesSequentially(TestNG.java:1280)
	at org.testng.TestNG.runSuitesLocally(TestNG.java:1200)
	at org.testng.TestNG.runSuites(TestNG.java:1114)
	at org.testng.TestNG.run(TestNG.java:1082)
	at org.testng.remote.AbstractRemoteTestNG.run(AbstractRemoteTestNG.java:115)
	at org.testng.remote.RemoteTestNG.initAndRun(RemoteTestNG.java:251)
	at org.testng.remote.RemoteTestNG.main(RemoteTestNG.java:77)
</pre></div></td>
<td>0</td>
<td>TestNG.paractise1@4158debd</td></tr>
<tr>
<td title='TestNG.con_12.test_01()'><b>test_01</b><br>Test class: TestNG.con_12<br/>
<a href="#Output-245867715" onClick='toggleBox("Output-245867715", this, "Show output", "Hide output");'>Show output</a>

<a href="#Output-245867715" onClick="toggleAllBoxes();">Show all outputs</a>
<div class='log' id="Output-245867715">
Test_01 method execution started<br/>
verification_01 started<br/>
verification_01 completed<br/>
verification_02 started<br/>
verification_02 completed<br/>
Test_01 method execution completed<br/>
</div>
</td>
<td><div><pre>java.lang.AssertionError: The following asserts failed:
	expected [Hello] but found [Hi]
	at TestNG.con_12.test_01(con_12.java:26)
	at java.base/java.util.ArrayList.forEach(ArrayList.java:1511)
... Removed 29 stack frames</pre></div><a href='#' onClick='toggleBox("stack-trace245867715", this, "Click to show all stack frames", "Click to hide stack frames")'>Click to show all stack frames</a>
<div class='stack-trace' id='stack-trace245867715'><pre>java.lang.AssertionError: The following asserts failed:
	expected [Hello] but found [Hi]
	at org.testng.asserts.SoftAssert.assertAll(SoftAssert.java:46)
	at org.testng.asserts.SoftAssert.assertAll(SoftAssert.java:30)
	at TestNG.con_12.test_01(con_12.java:26)
	at java.base/jdk.internal.reflect.NativeMethodAccessorImpl.invoke0(Native Method)
	at java.base/jdk.internal.reflect.NativeMethodAccessorImpl.invoke(NativeMethodAccessorImpl.java:77)
	at java.base/jdk.internal.reflect.DelegatingMethodAccessorImpl.invoke(DelegatingMethodAccessorImpl.java:43)
	at java.base/java.lang.reflect.Method.invoke(Method.java:568)
	at org.testng.internal.invokers.MethodInvocationHelper.invokeMethod(MethodInvocationHelper.java:139)
	at org.testng.internal.invokers.TestInvoker.invokeMethod(TestInvoker.java:664)
	at org.testng.internal.invokers.TestInvoker.invokeTestMethod(TestInvoker.java:227)
	at org.testng.internal.invokers.MethodRunner.runInSequence(MethodRunner.java:50)
	at org.testng.internal.invokers.TestInvoker$MethodInvocationAgent.invoke(TestInvoker.java:957)
	at org.testng.internal.invokers.TestInvoker.invokeTestMethods(TestInvoker.java:200)
	at org.testng.internal.invokers.TestMethodWorker.invokeTestMethods(TestMethodWorker.java:148)
	at org.testng.internal.invokers.TestMethodWorker.run(TestMethodWorker.java:128)
	at java.base/java.util.ArrayList.forEach(ArrayList.java:1511)
	at org.testng.TestRunner.privateRun(TestRunner.java:848)
	at org.testng.TestRunner.run(TestRunner.java:621)
	at org.testng.SuiteRunner.runTest(SuiteRunner.java:443)
	at org.testng.SuiteRunner.runSequentially(SuiteRunner.java:437)
	at org.testng.SuiteRunner.privateRun(SuiteRunner.java:397)
	at org.testng.SuiteRunner.run(SuiteRunner.java:336)
	at org.testng.SuiteRunnerWorker.runSuite(SuiteRunnerWorker.java:52)
	at org.testng.SuiteRunnerWorker.run(SuiteRunnerWorker.java:95)
	at org.testng.TestNG.runSuitesSequentially(TestNG.java:1280)
	at org.testng.TestNG.runSuitesLocally(TestNG.java:1200)
	at org.testng.TestNG.runSuites(TestNG.java:1114)
	at org.testng.TestNG.run(TestNG.java:1082)
	at org.testng.remote.AbstractRemoteTestNG.run(AbstractRemoteTestNG.java:115)
	at org.testng.remote.RemoteTestNG.initAndRun(RemoteTestNG.java:251)
	at org.testng.remote.RemoteTestNG.main(RemoteTestNG.java:77)
</pre></div></td>
<td>0</td>
<td>TestNG.con_12@73e132e0</td></tr>
<tr>
<td title='TestNG.parametres.test()'><b>test</b><br>Test class: TestNG.parametres</td>
<td><div><pre>org.testng.TestNGException: 
Parameter &apos;un&apos; is required by @Test on method test but has not been marked @Optional or defined
in D:\selenium2\asif\testng1.xml
	at java.base/java.util.ArrayList.forEach(ArrayList.java:1511)
... Removed 26 stack frames</pre></div><a href='#' onClick='toggleBox("stack-trace1821867471", this, "Click to show all stack frames", "Click to hide stack frames")'>Click to show all stack frames</a>
<div class='stack-trace' id='stack-trace1821867471'><pre>org.testng.TestNGException: 
Parameter &apos;un&apos; is required by @Test on method test but has not been marked @Optional or defined
in D:\selenium2\asif\testng1.xml
	at org.testng.internal.Parameters.createParams(Parameters.java:267)
	at org.testng.internal.Parameters.createParametersForMethod(Parameters.java:355)
	at org.testng.internal.Parameters.createParameters(Parameters.java:684)
	at org.testng.internal.Parameters.handleParameters(Parameters.java:879)
	at org.testng.internal.Parameters.handleParameters(Parameters.java:728)
	at org.testng.internal.invokers.ParameterHandler.handleParameters(ParameterHandler.java:72)
	at org.testng.internal.invokers.ParameterHandler.createParameters(ParameterHandler.java:51)
	at org.testng.internal.invokers.TestInvoker$MethodInvocationAgent.invoke(TestInvoker.java:911)
	at org.testng.internal.invokers.TestInvoker.invokeTestMethods(TestInvoker.java:200)
	at org.testng.internal.invokers.TestMethodWorker.invokeTestMethods(TestMethodWorker.java:148)
	at org.testng.internal.invokers.TestMethodWorker.run(TestMethodWorker.java:128)
	at java.base/java.util.ArrayList.forEach(ArrayList.java:1511)
	at org.testng.TestRunner.privateRun(TestRunner.java:848)
	at org.testng.TestRunner.run(TestRunner.java:621)
	at org.testng.SuiteRunner.runTest(SuiteRunner.java:443)
	at org.testng.SuiteRunner.runSequentially(SuiteRunner.java:437)
	at org.testng.SuiteRunner.privateRun(SuiteRunner.java:397)
	at org.testng.SuiteRunner.run(SuiteRunner.java:336)
	at org.testng.SuiteRunnerWorker.runSuite(SuiteRunnerWorker.java:52)
	at org.testng.SuiteRunnerWorker.run(SuiteRunnerWorker.java:95)
	at org.testng.TestNG.runSuitesSequentially(TestNG.java:1280)
	at org.testng.TestNG.runSuitesLocally(TestNG.java:1200)
	at org.testng.TestNG.runSuites(TestNG.java:1114)
	at org.testng.TestNG.run(TestNG.java:1082)
	at org.testng.remote.AbstractRemoteTestNG.run(AbstractRemoteTestNG.java:115)
	at org.testng.remote.RemoteTestNG.initAndRun(RemoteTestNG.java:251)
	at org.testng.remote.RemoteTestNG.main(RemoteTestNG.java:77)
</pre></div></td>
<td>0</td>
<td>TestNG.parametres@1ecfcbc9</td></tr>
<tr>
<td title='TestNG.parameters1.test()'><b>test</b><br>Test class: TestNG.parameters1</td>
<td><div><pre>org.testng.TestNGException: 
Parameter &apos;bagname&apos; is required by @Test on method test but has not been marked @Optional or defined
in D:\selenium2\asif\testng1.xml
	at java.base/java.util.ArrayList.forEach(ArrayList.java:1511)
... Removed 26 stack frames</pre></div><a href='#' onClick='toggleBox("stack-trace1381702512", this, "Click to show all stack frames", "Click to hide stack frames")'>Click to show all stack frames</a>
<div class='stack-trace' id='stack-trace1381702512'><pre>org.testng.TestNGException: 
Parameter &apos;bagname&apos; is required by @Test on method test but has not been marked @Optional or defined
in D:\selenium2\asif\testng1.xml
	at org.testng.internal.Parameters.createParams(Parameters.java:267)
	at org.testng.internal.Parameters.createParametersForMethod(Parameters.java:355)
	at org.testng.internal.Parameters.createParameters(Parameters.java:684)
	at org.testng.internal.Parameters.handleParameters(Parameters.java:879)
	at org.testng.internal.Parameters.handleParameters(Parameters.java:728)
	at org.testng.internal.invokers.ParameterHandler.handleParameters(ParameterHandler.java:72)
	at org.testng.internal.invokers.ParameterHandler.createParameters(ParameterHandler.java:51)
	at org.testng.internal.invokers.TestInvoker$MethodInvocationAgent.invoke(TestInvoker.java:911)
	at org.testng.internal.invokers.TestInvoker.invokeTestMethods(TestInvoker.java:200)
	at org.testng.internal.invokers.TestMethodWorker.invokeTestMethods(TestMethodWorker.java:148)
	at org.testng.internal.invokers.TestMethodWorker.run(TestMethodWorker.java:128)
	at java.base/java.util.ArrayList.forEach(ArrayList.java:1511)
	at org.testng.TestRunner.privateRun(TestRunner.java:848)
	at org.testng.TestRunner.run(TestRunner.java:621)
	at org.testng.SuiteRunner.runTest(SuiteRunner.java:443)
	at org.testng.SuiteRunner.runSequentially(SuiteRunner.java:437)
	at org.testng.SuiteRunner.privateRun(SuiteRunner.java:397)
	at org.testng.SuiteRunner.run(SuiteRunner.java:336)
	at org.testng.SuiteRunnerWorker.runSuite(SuiteRunnerWorker.java:52)
	at org.testng.SuiteRunnerWorker.run(SuiteRunnerWorker.java:95)
	at org.testng.TestNG.runSuitesSequentially(TestNG.java:1280)
	at org.testng.TestNG.runSuitesLocally(TestNG.java:1200)
	at org.testng.TestNG.runSuites(TestNG.java:1114)
	at org.testng.TestNG.run(TestNG.java:1082)
	at org.testng.remote.AbstractRemoteTestNG.run(AbstractRemoteTestNG.java:115)
	at org.testng.remote.RemoteTestNG.initAndRun(RemoteTestNG.java:251)
	at org.testng.remote.RemoteTestNG.main(RemoteTestNG.java:77)
</pre></div></td>
<td>0</td>
<td>TestNG.parameters1@773dab28</td></tr>
<tr>
<td title='TestNG.asserts.test_01()'><b>test_01</b><br>Test class: TestNG.asserts<br/>
<a href="#Output-898655932" onClick='toggleBox("Output-898655932", this, "Show output", "Hide output");'>Show output</a>

<a href="#Output-898655932" onClick="toggleAllBoxes();">Show all outputs</a>
<div class='log' id="Output-898655932">
Test_01 method execution started<br/>
verification_01 started<br/>
</div>
</td>
<td><div><pre>java.lang.AssertionError: expected [Hello] but found [Hi]
	at TestNG.asserts.test_01(asserts.java:16)
	at java.base/java.util.ArrayList.forEach(ArrayList.java:1511)
... Removed 33 stack frames</pre></div><a href='#' onClick='toggleBox("stack-trace898655932", this, "Click to show all stack frames", "Click to hide stack frames")'>Click to show all stack frames</a>
<div class='stack-trace' id='stack-trace898655932'><pre>java.lang.AssertionError: expected [Hello] but found [Hi]
	at org.testng.Assert.fail(Assert.java:111)
	at org.testng.Assert.failNotEquals(Assert.java:1578)
	at org.testng.Assert.assertEqualsImpl(Assert.java:150)
	at org.testng.Assert.assertEquals(Assert.java:132)
	at org.testng.Assert.assertEquals(Assert.java:656)
	at org.testng.Assert.assertEquals(Assert.java:666)
	at TestNG.asserts.test_01(asserts.java:16)
	at java.base/jdk.internal.reflect.NativeMethodAccessorImpl.invoke0(Native Method)
	at java.base/jdk.internal.reflect.NativeMethodAccessorImpl.invoke(NativeMethodAccessorImpl.java:77)
	at java.base/jdk.internal.reflect.DelegatingMethodAccessorImpl.invoke(DelegatingMethodAccessorImpl.java:43)
	at java.base/java.lang.reflect.Method.invoke(Method.java:568)
	at org.testng.internal.invokers.MethodInvocationHelper.invokeMethod(MethodInvocationHelper.java:139)
	at org.testng.internal.invokers.TestInvoker.invokeMethod(TestInvoker.java:664)
	at org.testng.internal.invokers.TestInvoker.invokeTestMethod(TestInvoker.java:227)
	at org.testng.internal.invokers.MethodRunner.runInSequence(MethodRunner.java:50)
	at org.testng.internal.invokers.TestInvoker$MethodInvocationAgent.invoke(TestInvoker.java:957)
	at org.testng.internal.invokers.TestInvoker.invokeTestMethods(TestInvoker.java:200)
	at org.testng.internal.invokers.TestMethodWorker.invokeTestMethods(TestMethodWorker.java:148)
	at org.testng.internal.invokers.TestMethodWorker.run(TestMethodWorker.java:128)
	at java.base/java.util.ArrayList.forEach(ArrayList.java:1511)
	at org.testng.TestRunner.privateRun(TestRunner.java:848)
	at org.testng.TestRunner.run(TestRunner.java:621)
	at org.testng.SuiteRunner.runTest(SuiteRunner.java:443)
	at org.testng.SuiteRunner.runSequentially(SuiteRunner.java:437)
	at org.testng.SuiteRunner.privateRun(SuiteRunner.java:397)
	at org.testng.SuiteRunner.run(SuiteRunner.java:336)
	at org.testng.SuiteRunnerWorker.runSuite(SuiteRunnerWorker.java:52)
	at org.testng.SuiteRunnerWorker.run(SuiteRunnerWorker.java:95)
	at org.testng.TestNG.runSuitesSequentially(TestNG.java:1280)
	at org.testng.TestNG.runSuitesLocally(TestNG.java:1200)
	at org.testng.TestNG.runSuites(TestNG.java:1114)
	at org.testng.TestNG.run(TestNG.java:1082)
	at org.testng.remote.AbstractRemoteTestNG.run(AbstractRemoteTestNG.java:115)
	at org.testng.remote.RemoteTestNG.initAndRun(RemoteTestNG.java:251)
	at org.testng.remote.RemoteTestNG.main(RemoteTestNG.java:77)
</pre></div></td>
<td>0</td>
<td>TestNG.asserts@62e8f862</td></tr>
<tr>
<td title='TestNG.parameter5.fblogin()'><b>fblogin</b><br>Test class: TestNG.parameter5</td>
<td><div><pre>org.testng.TestNGException: 
Parameter &apos;email&apos; is required by @Test on method fblogin but has not been marked @Optional or defined
in D:\selenium2\asif\testng1.xml
	at java.base/java.util.ArrayList.forEach(ArrayList.java:1511)
... Removed 26 stack frames</pre></div><a href='#' onClick='toggleBox("stack-trace1329043305", this, "Click to show all stack frames", "Click to hide stack frames")'>Click to show all stack frames</a>
<div class='stack-trace' id='stack-trace1329043305'><pre>org.testng.TestNGException: 
Parameter &apos;email&apos; is required by @Test on method fblogin but has not been marked @Optional or defined
in D:\selenium2\asif\testng1.xml
	at org.testng.internal.Parameters.createParams(Parameters.java:267)
	at org.testng.internal.Parameters.createParametersForMethod(Parameters.java:355)
	at org.testng.internal.Parameters.createParameters(Parameters.java:684)
	at org.testng.internal.Parameters.handleParameters(Parameters.java:879)
	at org.testng.internal.Parameters.handleParameters(Parameters.java:728)
	at org.testng.internal.invokers.ParameterHandler.handleParameters(ParameterHandler.java:72)
	at org.testng.internal.invokers.ParameterHandler.createParameters(ParameterHandler.java:51)
	at org.testng.internal.invokers.TestInvoker$MethodInvocationAgent.invoke(TestInvoker.java:911)
	at org.testng.internal.invokers.TestInvoker.invokeTestMethods(TestInvoker.java:200)
	at org.testng.internal.invokers.TestMethodWorker.invokeTestMethods(TestMethodWorker.java:148)
	at org.testng.internal.invokers.TestMethodWorker.run(TestMethodWorker.java:128)
	at java.base/java.util.ArrayList.forEach(ArrayList.java:1511)
	at org.testng.TestRunner.privateRun(TestRunner.java:848)
	at org.testng.TestRunner.run(TestRunner.java:621)
	at org.testng.SuiteRunner.runTest(SuiteRunner.java:443)
	at org.testng.SuiteRunner.runSequentially(SuiteRunner.java:437)
	at org.testng.SuiteRunner.privateRun(SuiteRunner.java:397)
	at org.testng.SuiteRunner.run(SuiteRunner.java:336)
	at org.testng.SuiteRunnerWorker.runSuite(SuiteRunnerWorker.java:52)
	at org.testng.SuiteRunnerWorker.run(SuiteRunnerWorker.java:95)
	at org.testng.TestNG.runSuitesSequentially(TestNG.java:1280)
	at org.testng.TestNG.runSuitesLocally(TestNG.java:1200)
	at org.testng.TestNG.runSuites(TestNG.java:1114)
	at org.testng.TestNG.run(TestNG.java:1082)
	at org.testng.remote.AbstractRemoteTestNG.run(AbstractRemoteTestNG.java:115)
	at org.testng.remote.RemoteTestNG.initAndRun(RemoteTestNG.java:251)
	at org.testng.remote.RemoteTestNG.main(RemoteTestNG.java:77)
</pre></div></td>
<td>0</td>
<td>TestNG.parameter5@af78c87</td></tr>
</table><p>
<table width='100%' border='1' class='invocation-passed'>
<tr><td colspan='4' align='center'><b>PASSED TESTS</b></td></tr>
<tr><td><b>Test method</b></td>
<td><b>Attribute(s)</b></td>
<td width="30%"><b>Exception</b></td>
<td width="10%"><b>Time (seconds)</b></td>
<td><b>Instance</b></td>
</tr>
<tr>
<td title='TestNG.con_07.signup()'><b>signup</b><br>Test class: TestNG.con_07<br/>
<a href="#Output-913796146" onClick='toggleBox("Output-913796146", this, "Show output", "Hide output");'>Show output</a>

<a href="#Output-913796146" onClick="toggleAllBoxes();">Show all outputs</a>
<div class='log' id="Output-913796146">
Signup method executed<br/>
</div>
</td>
<td></td>
<td>0</td>
<td>TestNG.con_07@6c2d4cc6</td></tr>
<tr>
<td title='TestNG.c0n_6.test_03()'><b>test_03</b><br>Test class: TestNG.c0n_6<br/>
<a href="#Output-709853193" onClick='toggleBox("Output-709853193", this, "Show output", "Hide output");'>Show output</a>

<a href="#Output-709853193" onClick="toggleAllBoxes();">Show all outputs</a>
<div class='log' id="Output-709853193">
Test_03 method executed<br/>
</div>
</td>
<td></td>
<td>0</td>
<td>TestNG.c0n_6@26f3d90c</td></tr>
<tr>
<td title='TestNG.con_03.test_03()'><b>test_03</b><br>Test class: TestNG.con_03<br/>
<a href="#Output-176514124" onClick='toggleBox("Output-176514124", this, "Show output", "Hide output");'>Show output</a>

<a href="#Output-176514124" onClick="toggleAllBoxes();">Show all outputs</a>
<div class='log' id="Output-176514124">
Test_03 method executed<br/>
</div>
</td>
<td></td>
<td>0</td>
<td>TestNG.con_03@515f4131</td></tr>
<tr>
<td title='TestNG.imgtag.test()'><b>test</b><br>Test class: TestNG.imgtag<br>Parameters: img, asif</td>
<td></td>
<td>11</td>
<td>TestNG.imgtag@2472c7d8</td></tr>
<tr>
<td title='TestNG.asserts.test_02()'><b>test_02</b><br>Test class: TestNG.asserts<br/>
<a href="#Output-2101493838" onClick='toggleBox("Output-2101493838", this, "Show output", "Hide output");'>Show output</a>

<a href="#Output-2101493838" onClick="toggleAllBoxes();">Show all outputs</a>
<div class='log' id="Output-2101493838">
Test_02 method execution completed<br/>
</div>
</td>
<td></td>
<td>0</td>
<td>TestNG.asserts@62e8f862</td></tr>
<tr>
<td title='TestNG.con_12.test_02()'><b>test_02</b><br>Test class: TestNG.con_12<br/>
<a href="#Output-1836017760" onClick='toggleBox("Output-1836017760", this, "Show output", "Hide output");'>Show output</a>

<a href="#Output-1836017760" onClick="toggleAllBoxes();">Show all outputs</a>
<div class='log' id="Output-1836017760">
Test_02 method execution completed<br/>
</div>
</td>
<td></td>
<td>0</td>
<td>TestNG.con_12@73e132e0</td></tr>
<tr>
<td title='TestNG.con_04.deleteAccount()'><b>deleteAccount</b><br>Test class: TestNG.con_04<br/>
<a href="#Output-600661314" onClick='toggleBox("Output-600661314", this, "Show output", "Hide output");'>Show output</a>

<a href="#Output-600661314" onClick="toggleAllBoxes();">Show all outputs</a>
<div class='log' id="Output-600661314">
delete Account method executed<br/>
</div>
</td>
<td></td>
<td>0</td>
<td>TestNG.con_04@74518890</td></tr>
<tr>
<td title='TestNG.con_11.test_01()'><b>test_01</b><br>Test class: TestNG.con_11</td>
<td></td>
<td>0</td>
<td>TestNG.con_11@71b1a49c</td></tr>
<tr>
<td title='TestNG.con_08.asif()'><b>asif</b><br>Test class: TestNG.con_08<br/>
<a href="#Output-1364958538" onClick='toggleBox("Output-1364958538", this, "Show output", "Hide output");'>Show output</a>

<a href="#Output-1364958538" onClick="toggleAllBoxes();">Show all outputs</a>
<div class='log' id="Output-1364958538">
asif<br/>
</div>
</td>
<td></td>
<td>0</td>
<td>TestNG.con_08@30865a90</td></tr>
<tr>
<td title='TestNG.con_08.test_01()'><b>test_01</b><br>Test class: TestNG.con_08<br/>
<a href="#Output-413177525" onClick='toggleBox("Output-413177525", this, "Show output", "Hide output");'>Show output</a>

<a href="#Output-413177525" onClick="toggleAllBoxes();">Show all outputs</a>
<div class='log' id="Output-413177525">
Test_01 method executed<br/>
</div>
</td>
<td></td>
<td>0</td>
<td>TestNG.con_08@30865a90</td></tr>
<tr>
<td title='TestNG.con_11.test_02()'><b>test_02</b><br>Test class: TestNG.con_11</td>
<td></td>
<td>0</td>
<td>TestNG.con_11@71b1a49c</td></tr>
<tr>
<td title='TestNG.con_09.signup()'><b>signup</b><br>Test class: TestNG.con_09<br>Test method: used to create Account<br/>
<a href="#Output-94500728" onClick='toggleBox("Output-94500728", this, "Show output", "Hide output");'>Show output</a>

<a href="#Output-94500728" onClick="toggleAllBoxes();">Show all outputs</a>
<div class='log' id="Output-94500728">
Signup method executed<br/>
</div>
</td>
<td></td>
<td>0</td>
<td>TestNG.con_09@6134ac4a</td></tr>
<tr>
<td title='TestNG.itestResult.TestcasePass()'><b>TestcasePass</b><br>Test class: TestNG.itestResult</td>
<td></td>
<td>0</td>
<td>TestNG.itestResult@2160e52a</td></tr>
<tr>
<td title='TestNG.con_04.createAccount()'><b>createAccount</b><br>Test class: TestNG.con_04<br/>
<a href="#Output-849669310" onClick='toggleBox("Output-849669310", this, "Show output", "Hide output");'>Show output</a>

<a href="#Output-849669310" onClick="toggleAllBoxes();">Show all outputs</a>
<div class='log' id="Output-849669310">
Create Account method executed<br/>
</div>
</td>
<td></td>
<td>0</td>
<td>TestNG.con_04@74518890</td></tr>
<tr>
<td title='TestNG.con_05.test_01()'><b>test_01</b><br>Test class: TestNG.con_05<br/>
<a href="#Output-1744523301" onClick='toggleBox("Output-1744523301", this, "Show output", "Hide output");'>Show output</a>

<a href="#Output-1744523301" onClick="toggleAllBoxes();">Show all outputs</a>
<div class='log' id="Output-1744523301">
Test_01 method executed<br/>
</div>
</td>
<td></td>
<td>0</td>
<td>TestNG.con_05@4c5204af</td></tr>
<tr>
<td title='TestNG.c0n_6.test_01()'><b>test_01</b><br>Test class: TestNG.c0n_6<br/>
<a href="#Output-911201454" onClick='toggleBox("Output-911201454", this, "Show output", "Hide output");'>Show output</a>

<a href="#Output-911201454" onClick="toggleAllBoxes();">Show all outputs</a>
<div class='log' id="Output-911201454">
Test_01 method executed<br/>
</div>
</td>
<td></td>
<td>0</td>
<td>TestNG.c0n_6@26f3d90c</td></tr>
<tr>
<td title='TestNG.con_10.signup()'><b>signup</b><br>Test class: TestNG.con_10</td>
<td><div><pre>org.testng.internal.thread.ThreadTimeoutException: Method TestNG.con_10.signup() didn&apos;t finish within the time-out 3000
	at java.base@17.0.2/java.lang.Thread.sleep(Native Method)
	at app//TestNG.con_10.signup(con_10.java:18)
	at java.base@17.0.2/java.util.concurrent.FutureTask.run(FutureTask.java:264)
	at java.base@17.0.2/java.util.concurrent.ThreadPoolExecutor.runWorker(ThreadPoolExecutor.java:1136)
	at java.base@17.0.2/java.util.concurrent.ThreadPoolExecutor$Worker.run(ThreadPoolExecutor.java:635)
	at java.base@17.0.2/java.lang.Thread.run(Thread.java:833)
... Removed 8 stack frames</pre></div><a href='#' onClick='toggleBox("stack-trace1271241511", this, "Click to show all stack frames", "Click to hide stack frames")'>Click to show all stack frames</a>
<div class='stack-trace' id='stack-trace1271241511'><pre>org.testng.internal.thread.ThreadTimeoutException: Method TestNG.con_10.signup() didn&apos;t finish within the time-out 3000
	at java.base@17.0.2/java.lang.Thread.sleep(Native Method)
	at app//TestNG.con_10.signup(con_10.java:18)
	at java.base@17.0.2/jdk.internal.reflect.NativeMethodAccessorImpl.invoke0(Native Method)
	at java.base@17.0.2/jdk.internal.reflect.NativeMethodAccessorImpl.invoke(NativeMethodAccessorImpl.java:77)
	at java.base@17.0.2/jdk.internal.reflect.DelegatingMethodAccessorImpl.invoke(DelegatingMethodAccessorImpl.java:43)
	at java.base@17.0.2/java.lang.reflect.Method.invoke(Method.java:568)
	at app//org.testng.internal.invokers.MethodInvocationHelper.invokeMethod(MethodInvocationHelper.java:139)
	at app//org.testng.internal.invokers.InvokeMethodRunnable.runOne(InvokeMethodRunnable.java:47)
	at app//org.testng.internal.invokers.InvokeMethodRunnable.call(InvokeMethodRunnable.java:73)
	at app//org.testng.internal.invokers.InvokeMethodRunnable.call(InvokeMethodRunnable.java:11)
	at java.base@17.0.2/java.util.concurrent.FutureTask.run(FutureTask.java:264)
	at java.base@17.0.2/java.util.concurrent.ThreadPoolExecutor.runWorker(ThreadPoolExecutor.java:1136)
	at java.base@17.0.2/java.util.concurrent.ThreadPoolExecutor$Worker.run(ThreadPoolExecutor.java:635)
	at java.base@17.0.2/java.lang.Thread.run(Thread.java:833)
</pre></div></td>
<td>3</td>
<td>TestNG.con_10@777c9dc9</td></tr>
<tr>
<td title='TestNG.Script01.m1()'><b>m1</b><br>Test class: TestNG.Script01<br/>
<a href="#Output-1724495151" onClick='toggleBox("Output-1724495151", this, "Show output", "Hide output");'>Show output</a>

<a href="#Output-1724495151" onClick="toggleAllBoxes();">Show all outputs</a>
<div class='log' id="Output-1724495151">
hi<br/>
</div>
</td>
<td></td>
<td>0</td>
<td>TestNG.Script01@2fc07784</td></tr>
<tr>
<td title='TestNG.con_08.test_03()'><b>test_03</b><br>Test class: TestNG.con_08<br/>
<a href="#Output-134565858" onClick='toggleBox("Output-134565858", this, "Show output", "Hide output");'>Show output</a>

<a href="#Output-134565858" onClick="toggleAllBoxes();">Show all outputs</a>
<div class='log' id="Output-134565858">
Test_03 method executed<br/>
</div>
</td>
<td></td>
<td>0</td>
<td>TestNG.con_08@30865a90</td></tr>
<tr>
<td title='TestNG.con_05.test_01()'><b>test_01</b><br>Test class: TestNG.con_05<br/>
<a href="#Output-2021540695" onClick='toggleBox("Output-2021540695", this, "Show output", "Hide output");'>Show output</a>

<a href="#Output-2021540695" onClick="toggleAllBoxes();">Show all outputs</a>
<div class='log' id="Output-2021540695">
Test_01 method executed<br/>
</div>
</td>
<td></td>
<td>0</td>
<td>TestNG.con_05@4c5204af</td></tr>
<tr>
<td title='TestNG.con_03.test_01()'><b>test_01</b><br>Test class: TestNG.con_03<br/>
<a href="#Output-306279528" onClick='toggleBox("Output-306279528", this, "Show output", "Hide output");'>Show output</a>

<a href="#Output-306279528" onClick="toggleAllBoxes();">Show all outputs</a>
<div class='log' id="Output-306279528">
Test_01 method executed<br/>
</div>
</td>
<td></td>
<td>0</td>
<td>TestNG.con_03@515f4131</td></tr>
<tr>
<td title='TestNG.con_05.test_01()'><b>test_01</b><br>Test class: TestNG.con_05<br/>
<a href="#Output-221402392" onClick='toggleBox("Output-221402392", this, "Show output", "Hide output");'>Show output</a>

<a href="#Output-221402392" onClick="toggleAllBoxes();">Show all outputs</a>
<div class='log' id="Output-221402392">
Test_01 method executed<br/>
</div>
</td>
<td></td>
<td>0</td>
<td>TestNG.con_05@4c5204af</td></tr>
<tr>
<td title='TestNG.con_05.test_01()'><b>test_01</b><br>Test class: TestNG.con_05<br/>
<a href="#Output-573819584" onClick='toggleBox("Output-573819584", this, "Show output", "Hide output");'>Show output</a>

<a href="#Output-573819584" onClick="toggleAllBoxes();">Show all outputs</a>
<div class='log' id="Output-573819584">
Test_01 method executed<br/>
</div>
</td>
<td></td>
<td>0</td>
<td>TestNG.con_05@4c5204af</td></tr>
<tr>
<td title='TestNG.con_03.test_02()'><b>test_02</b><br>Test class: TestNG.con_03<br/>
<a href="#Output-1794486854" onClick='toggleBox("Output-1794486854", this, "Show output", "Hide output");'>Show output</a>

<a href="#Output-1794486854" onClick="toggleAllBoxes();">Show all outputs</a>
<div class='log' id="Output-1794486854">
Test_02 method executed<br/>
</div>
</td>
<td></td>
<td>0</td>
<td>TestNG.con_03@515f4131</td></tr>
<tr>
<td title='TestNG.con_08.test_02()'><b>test_02</b><br>Test class: TestNG.con_08<br/>
<a href="#Output-829567751" onClick='toggleBox("Output-829567751", this, "Show output", "Hide output");'>Show output</a>

<a href="#Output-829567751" onClick="toggleAllBoxes();">Show all outputs</a>
<div class='log' id="Output-829567751">
Test_02 method executed<br/>
</div>
</td>
<td></td>
<td>0</td>
<td>TestNG.con_08@30865a90</td></tr>
<tr>
<td title='TestNG.con_07.login()'><b>login</b><br>Test class: TestNG.con_07<br/>
<a href="#Output-1929649021" onClick='toggleBox("Output-1929649021", this, "Show output", "Hide output");'>Show output</a>

<a href="#Output-1929649021" onClick="toggleAllBoxes();">Show all outputs</a>
<div class='log' id="Output-1929649021">
Login method executed<br/>
</div>
</td>
<td></td>
<td>0</td>
<td>TestNG.con_07@6c2d4cc6</td></tr>
<tr>
<td title='TestNG.con_04.editAccount()'><b>editAccount</b><br>Test class: TestNG.con_04<br/>
<a href="#Output-779166731" onClick='toggleBox("Output-779166731", this, "Show output", "Hide output");'>Show output</a>

<a href="#Output-779166731" onClick="toggleAllBoxes();">Show all outputs</a>
<div class='log' id="Output-779166731">
Edit Account method executed<br/>
</div>
</td>
<td></td>
<td>0</td>
<td>TestNG.con_04@74518890</td></tr>
<tr>
<td title='TestNG.con_05.test_01()'><b>test_01</b><br>Test class: TestNG.con_05<br/>
<a href="#Output-994581493" onClick='toggleBox("Output-994581493", this, "Show output", "Hide output");'>Show output</a>

<a href="#Output-994581493" onClick="toggleAllBoxes();">Show all outputs</a>
<div class='log' id="Output-994581493">
Test_01 method executed<br/>
</div>
</td>
<td></td>
<td>0</td>
<td>TestNG.con_05@4c5204af</td></tr>
</table><p>
</body>
</html>