<?xml version="1.0" encoding="UTF-8"?>
<!-- Generated by org.testng.reporters.JUnitXMLReporter -->
<testsuite ignored="1" hostname="DESKTOP-MH1I98B" failures="8" tests="36" name="test3" time="45.579" errors="0" timestamp="2023-10-26T14:59:20 IST">
  <testcase classname="TestNG.itestResult" name="TestcaseFail" time="0.003">
    <failure type="java.lang.AssertionError" message="fail">
      <![CDATA[java.lang.AssertionError: fail
at TestNG.itestResult.TestcaseFail(itestResult.java:14)
at java.base/java.util.ArrayList.forEach(ArrayList.java:1511)
... Removed 28 stack frames]]>
    </failure>
  </testcase> <!-- TestcaseFail -->
  <testcase classname="TestNG.itestResult" name="TestcasePass" time="0.002"/>
  <testcase classname="TestNG.parameter5" name="fblogin" time="0.0">
    <failure type="org.testng.TestNGException" message="
Parameter &amp;apos;email&amp;apos; is required by @Test on method fblogin but has not been marked @Optional or defined
in D:\selenium2\asif\testng1.xml">
      <![CDATA[org.testng.TestNGException: 
Parameter 'email' is required by @Test on method fblogin but has not been marked @Optional or defined
in D:\selenium2\asif\testng1.xml
at java.base/java.util.ArrayList.forEach(ArrayList.java:1511)
... Removed 26 stack frames]]>
    </failure>
  </testcase> <!-- fblogin -->
  <testcase classname="TestNG.Script01" name="m1" time="0.004"/>
  <testcase classname="TestNG.con_07" name="signup" time="0.001"/>
  <testcase classname="TestNG.con_07" name="login" time="0.002"/>
  <testcase classname="TestNG.con_09" name="signup" time="0.002"/>
  <testcase classname="TestNG.con_10" name="signup" time="3.125"/>
  <testcase classname="TestNG.dataprovider" name="test" time="30.531">
    <failure type="java.lang.AssertionError" message="The following asserts failed:
	expected [asif@123.com] but found [Hello World!]">
      <![CDATA[java.lang.AssertionError: The following asserts failed:
expected [asif@123.com] but found [Hello World!]
at TestNG.dataprovider.test(dataprovider.java:43)
at java.base/java.util.ArrayList.forEach(ArrayList.java:1511)
... Removed 29 stack frames]]>
    </failure>
  </testcase> <!-- test -->
  <testcase classname="TestNG.imgtag" name="test" time="11.603"/>
  <testcase classname="TestNG.paractise1" name="test" time="0.001">
    <failure type="org.testng.internal.reflect.MethodMatcherException" message="
[public void TestNG.paractise1.test(java.lang.String) throws java.lang.InterruptedException] has no parameters defined but was found to be using a data provider (either explicitly specified or inherited from class level annotation).
Data provider mismatch
Method: test([java.lang.String arg0])
Arguments: [(java.lang.String) img,null]">
      <![CDATA[org.testng.internal.reflect.MethodMatcherException: 
[public void TestNG.paractise1.test(java.lang.String) throws java.lang.InterruptedException] has no parameters defined but was found to be using a data provider (either explicitly specified or inherited from class level annotation).
Data provider mismatch
Method: test([java.lang.String arg0])
Arguments: [(java.lang.String) img,null]
at java.base/java.util.ArrayList.forEach(ArrayList.java:1511)
... Removed 22 stack frames]]>
    </failure>
  </testcase> <!-- test -->
  <testcase classname="TestNG.parameters1" name="test" time="0.0">
    <failure type="org.testng.TestNGException" message="
Parameter &amp;apos;bagname&amp;apos; is required by @Test on method test but has not been marked @Optional or defined
in D:\selenium2\asif\testng1.xml">
      <![CDATA[org.testng.TestNGException: 
Parameter 'bagname' is required by @Test on method test but has not been marked @Optional or defined
in D:\selenium2\asif\testng1.xml
at java.base/java.util.ArrayList.forEach(ArrayList.java:1511)
... Removed 26 stack frames]]>
    </failure>
  </testcase> <!-- test -->
  <testcase classname="TestNG.parametres" name="test" time="0.0">
    <failure type="org.testng.TestNGException" message="
Parameter &amp;apos;un&amp;apos; is required by @Test on method test but has not been marked @Optional or defined
in D:\selenium2\asif\testng1.xml">
      <![CDATA[org.testng.TestNGException: 
Parameter 'un' is required by @Test on method test but has not been marked @Optional or defined
in D:\selenium2\asif\testng1.xml
at java.base/java.util.ArrayList.forEach(ArrayList.java:1511)
... Removed 26 stack frames]]>
    </failure>
  </testcase> <!-- test -->
  <testcase classname="TestNG.asserts" name="test_01" time="0.005">
    <failure type="java.lang.AssertionError" message="expected [Hello] but found [Hi]">
      <![CDATA[java.lang.AssertionError: expected [Hello] but found [Hi]
at TestNG.asserts.test_01(asserts.java:16)
at java.base/java.util.ArrayList.forEach(ArrayList.java:1511)
... Removed 33 stack frames]]>
    </failure>
  </testcase> <!-- test_01 -->
  <testcase classname="TestNG.c0n_6" name="test_01" time="0.001"/>
  <testcase classname="TestNG.con_03" name="test_01" time="0.006"/>
  <testcase classname="TestNG.con_05" name="test_01" time="0.006"/>
  <testcase classname="TestNG.con_05" name="test_01" time="0.005"/>
  <testcase classname="TestNG.con_05" name="test_01" time="0.003"/>
  <testcase classname="TestNG.con_05" name="test_01" time="0.003"/>
  <testcase classname="TestNG.con_05" name="test_01" time="0.007"/>
  <testcase classname="TestNG.con_08" name="test_01" time="0.001"/>
  <testcase classname="TestNG.con_11" name="test_01" time="0.002"/>
  <testcase classname="TestNG.con_12" name="test_01" time="0.002">
    <failure type="java.lang.AssertionError" message="The following asserts failed:
	expected [Hello] but found [Hi]">
      <![CDATA[java.lang.AssertionError: The following asserts failed:
expected [Hello] but found [Hi]
at TestNG.con_12.test_01(con_12.java:26)
at java.base/java.util.ArrayList.forEach(ArrayList.java:1511)
... Removed 29 stack frames]]>
    </failure>
  </testcase> <!-- test_01 -->
  <testcase classname="TestNG.asserts" name="test_02" time="0.001"/>
  <testcase classname="TestNG.con_03" name="test_02" time="0.002"/>
  <testcase classname="TestNG.con_08" name="test_02" time="0.002"/>
  <testcase classname="TestNG.con_11" name="test_02" time="0.002"/>
  <testcase classname="TestNG.con_12" name="test_02" time="0.004"/>
  <testcase classname="TestNG.c0n_6" name="test_03" time="0.001"/>
  <testcase classname="TestNG.con_03" name="test_03" time="0.002"/>
  <testcase classname="TestNG.con_08" name="test_03" time="0.001"/>
  <testcase classname="TestNG.con_08" name="asif" time="0.001"/>
  <testcase classname="TestNG.con_04" name="createAccount" time="0.003"/>
  <testcase classname="TestNG.con_04" name="editAccount" time="0.002"/>
  <testcase classname="TestNG.con_04" name="deleteAccount" time="0.002"/>
  <testcase classname="TestNG.c0n_6" name="test_02" time="0.0">
    <ignored/>
  </testcase> <!-- test_02 -->
</testsuite> <!-- test3 -->
